<?xml version="1.0" encoding="UTF-8"?>
<!-- Generated by org.testng.reporters.JUnitXMLReporter -->
<testsuite hostname="vasco-da-gama" ignored="6" name="Add New Stock Test" tests="5" failures="2" timestamp="2023-02-27T22:11:31 IST" time="0.084" errors="0">
  <testcase name="@BeforeTest beforeTest" time="0.017" classname="testbase.BaseTest">
    <failure type="java.lang.NumberFormatException" message="null">
      <![CDATA[java.lang.NumberFormatException: null
at java.lang.Integer.parseInt(Integer.java:542)
at java.lang.Integer.parseInt(Integer.java:615)
at testbase.BaseTest.beforeTest(BaseTest.java:50)
at runner.TestNGRunner.run(TestNGRunner.java:94)
at runner.Runner.main(Runner.java:24)
... Removed 21 stack frames]]>
    </failure>
  </testcase> <!-- @BeforeTest beforeTest -->
  <testcase name="selectPortFolio" time="0.0" classname="testcases.rediff.PortfolioManagement">
    <skipped/>
  </testcase> <!-- selectPortFolio -->
  <testcase name="addNewStock" time="0.0" classname="testcases.rediff.StockManagement">
    <skipped/>
  </testcase> <!-- addNewStock -->
  <testcase name="verifyStockPresent" time="0.0" classname="testcases.rediff.StockManagement">
    <skipped/>
  </testcase> <!-- verifyStockPresent -->
  <testcase name="verifyStockQuantity" time="0.0" classname="testcases.rediff.StockManagement">
    <failure type="org.testng.TestNGException" message="
Parameter &amp;apos;action&amp;apos; is required by @Test on method verifyStockQuantity but has not been marked @Optional or defined
">
      <![CDATA[org.testng.TestNGException: 
Parameter 'action' is required by @Test on method verifyStockQuantity but has not been marked @Optional or defined

at java.util.ArrayList.forEach(ArrayList.java:1257)
at runner.TestNGRunner.run(TestNGRunner.java:94)
at runner.Runner.main(Runner.java:24)
... Removed 23 stack frames]]>
    </failure>
  </testcase> <!-- verifyStockQuantity -->
  <testcase name="verifyTransactionHistory" time="0.0" classname="testcases.rediff.StockManagement">
    <failure type="org.testng.TestNGException" message="
Parameter &amp;apos;action&amp;apos; is required by @Test on method verifyTransactionHistory but has not been marked @Optional or defined
">
      <![CDATA[org.testng.TestNGException: 
Parameter 'action' is required by @Test on method verifyTransactionHistory but has not been marked @Optional or defined

at java.util.ArrayList.forEach(ArrayList.java:1257)
at runner.TestNGRunner.run(TestNGRunner.java:94)
at runner.Runner.main(Runner.java:24)
... Removed 23 stack frames]]>
    </failure>
  </testcase> <!-- verifyTransactionHistory -->
  <testcase name="verifyStockAvgBuyPrice" time="0.0" classname="testcases.rediff.StockManagement">
    <ignored/>
  </testcase> <!-- verifyStockAvgBuyPrice -->
  <testcase name="deletePortfolio" time="0.0" classname="testcases.rediff.PortfolioManagement">
    <ignored/>
  </testcase> <!-- deletePortfolio -->
  <testcase name="@AfterTest quit" time="0.0" classname="testbase.BaseTest">
    <ignored/>
  </testcase> <!-- @AfterTest quit -->
  <testcase name="@BeforeTest beforeTest" time="0.0" classname="testbase.BaseTest">
    <ignored/>
  </testcase> <!-- @BeforeTest beforeTest -->
  <testcase name="modifyStock" time="0.0" classname="testcases.rediff.StockManagement">
    <ignored/>
  </testcase> <!-- modifyStock -->
  <testcase name="createPortfolio" time="0.0" classname="testcases.rediff.PortfolioManagement">
    <ignored/>
  </testcase> <!-- createPortfolio -->
</testsuite> <!-- Add New Stock Test -->
